<?xml version="1.0" encoding="UTF-8" ?>
<testsuite tests="34" failures="0" name="com.mytest.ERATest" time="9.552" errors="0" skipped="0">
  <properties>
[...]
</properties>
  <testcase classname="com.mytest.ERATest" name="getFMLastName" time="0.166"/>
  <testcase classname="com.mytest.ERATest" name="testRejectedReimbursementServlet" time="2.215"/>
  <testcase classname="com.mytest.ERATest" name="testViewPendingReimbServlet" time="1.873"/>
  <testcase classname="com.mytest.ERATest" name="getEmpEmail" time="0"/>
  <testcase classname="com.mytest.ERATest" name="getEmpPassword" time="0"/>
  <testcase classname="com.mytest.ERATest" name="testLoginSuccessfulServlet" time="0.512"/>
  <testcase classname="com.mytest.ERATest" name="getFMUserName" time="0.003"/>
  <testcase classname="com.mytest.ERATest" name="getFMEmail" time="0"/>
  <testcase classname="com.mytest.ERATest" name="testConfirmAddedReimbursement" time="0.248"/>
  <testcase classname="com.mytest.ERATest" name="getMyDescription" time="0"/>
  <testcase classname="com.mytest.ERATest" name="reimbursementAdded" time="0.301"/>
  <testcase classname="com.mytest.ERATest" name="getFMID" time="0"/>
  <testcase classname="com.mytest.ERATest" name="fullNameUserIDMatch" time="0.248"/>
  <testcase classname="com.mytest.ERATest" name="idUserNameMatch" time="0.249"/>
  <testcase classname="com.mytest.ERATest" name="testViewPastReimbServlet" time="0.484"/>
  <testcase classname="com.mytest.ERATest" name="testViewPastEmpReimbServlet" time="0.511"/>
  <testcase classname="com.mytest.ERATest" name="getMyType" time="0"/>
  <testcase classname="com.mytest.ERATest" name="getEmpLastName" time="0"/>
  <testcase classname="com.mytest.ERATest" name="getFMFirstName" time="0"/>
  <testcase classname="com.mytest.ERATest" name="getFMPassword" time="0"/>
  <testcase classname="com.mytest.ERATest" name="getMyAmount" time="0"/>
  <testcase classname="com.mytest.ERATest" name="getMyAuthor" time="0"/>
  <testcase classname="com.mytest.ERATest" name="getEmpFirstName" time="0"/>
  <testcase classname="com.mytest.ERATest" name="testAddNewReimbServlet" time="0.754"/>
  <testcase classname="com.mytest.ERATest" name="testApprovedReimbursementServlet" time="0.778"/>
  <testcase classname="com.mytest.ERATest" name="testUpdatedPasswordServlet" time="0.253"/>
  <testcase classname="com.mytest.ERATest" name="getMyStatus" time="0"/>
  <testcase classname="com.mytest.ERATest" name="testRegisterNewEmployeeServlet" time="0.479"/>
  <testcase classname="com.mytest.ERATest" name="testLoginValidation" time="0.243"/>
  <testcase classname="com.mytest.ERATest" name="getFMRoleID" time="0"/>
  <testcase classname="com.mytest.ERATest" name="getEmpUserName" time="0"/>
  <testcase classname="com.mytest.ERATest" name="getEmpRoleID" time="0.001"/>
  <testcase classname="com.mytest.ERATest" name="testValidateUserRoleID" time="0.234"/>
  <testcase classname="com.mytest.ERATest" name="getEmpID" time="0"/>
</testsuite>