{"C:\\Users\\Revature\\Desktop\\gitrepos\\2009Sep28Batch\\04-TS\\ts-project\\src\\ts\\index.ts": {"path":"C:\\Users\\Revature\\Desktop\\gitrepos\\2009Sep28Batch\\04-TS\\ts-project\\src\\ts\\index.ts","statementMap":{"0":{"start":{"line":21,"column":2},"end":{"line":21,"column":17}}},"fnMap":{"0":{"name":"concat","decl":{"start":{"line":20,"column":24},"end":{"line":20,"column":30}},"loc":{"start":{"line":20,"column":63},"end":{"line":22,"column":1}},"line":20}},"branchMap":{},"s":{"0":1},"f":{"0":1},"b":{},"_coverageSchema":"1a1c01bbd47fc00a2c39e90264f33305004495a9","hash":"4ee42a71e510f8775019b084bddac192cd649a73"}
}
