{"C:\\Users\\enocho\\Desktop\\Revature Project\\2009Sep28Batch\\04-TS\\ts-project\\src\\ts\\index.ts": {"path":"C:\\Users\\enocho\\Desktop\\Revature Project\\2009Sep28Batch\\04-TS\\ts-project\\src\\ts\\index.ts","statementMap":{"0":{"start":{"line":18,"column":4},"end":{"line":18,"column":17}}},"fnMap":{"0":{"name":"concat","decl":{"start":{"line":17,"column":24},"end":{"line":17,"column":30}},"loc":{"start":{"line":17,"column":59},"end":{"line":19,"column":1}},"line":17}},"branchMap":{},"s":{"0":1},"f":{"0":1},"b":{},"_coverageSchema":"1a1c01bbd47fc00a2c39e90264f33305004495a9","hash":"69f92bc24102db19ef7e4c5f258a07347fa3a95d"}
}
