{"/Users/steven/Documents/GitHub.nosync/2009Sep28Batch/04-TS/ts-project/src/ts/index.ts": {"path":"/Users/steven/Documents/GitHub.nosync/2009Sep28Batch/04-TS/ts-project/src/ts/index.ts","statementMap":{"0":{"start":{"line":24,"column":2},"end":{"line":24,"column":17}}},"fnMap":{"0":{"name":"cat","decl":{"start":{"line":23,"column":24},"end":{"line":23,"column":27}},"loc":{"start":{"line":23,"column":36},"end":{"line":25,"column":1}},"line":23}},"branchMap":{},"s":{"0":1},"f":{"0":1},"b":{},"_coverageSchema":"1a1c01bbd47fc00a2c39e90264f33305004495a9","hash":"f7081d1fb3444bba715cd6ca5d0b53c1f139db77"}
}
